nohup: ignoring input
{'batch_size': 32, 'epochs': 100, 'eval_every_n_epochs': 1, 'fine_tune_from': 'pretrained_gin', 'log_every_n_steps': 50, 'fp16_precision': False, 'init_lr': 0.0005, 'init_base_lr': 0.0001, 'weight_decay': '1e-6', 'gpu': 'cuda:0', 'task_name': 'FreeSolv_2', 'model_type': 'gin', 'model': {'num_layer': 5, 'emb_dim': 300, 'feat_dim': 512, 'drop_ratio': 0.3, 'pool': 'mean', 'output_dim': 1}, 'dataset': {'num_workers': 4, 'valid_size': 0, 'test_size': 0.9833055091819699, 'splitting': 'stratified', 'task': 'classification', 'data_path': 'data/freesolv/freesolv.csv', 'regression_bin_classes': 2}}
Running on: cpu
'output_dim'
{'batch_size': 32, 'epochs': 100, 'eval_every_n_epochs': 1, 'fine_tune_from': 'pretrained_gin', 'log_every_n_steps': 50, 'fp16_precision': False, 'init_lr': 0.0005, 'init_base_lr': 0.0001, 'weight_decay': '1e-6', 'gpu': 'cuda:0', 'task_name': 'FreeSolv_2', 'model_type': 'gin', 'model': {'num_layer': 5, 'emb_dim': 300, 'feat_dim': 512, 'drop_ratio': 0.3, 'pool': 'mean', 'output_dim': 1}, 'dataset': {'num_workers': 4, 'valid_size': 0, 'test_size': 0.9165275459098498, 'splitting': 'stratified', 'task': 'classification', 'data_path': 'data/freesolv/freesolv.csv', 'regression_bin_classes': 2}}
Running on: cpu
'output_dim'
{'batch_size': 32, 'epochs': 100, 'eval_every_n_epochs': 1, 'fine_tune_from': 'pretrained_gin', 'log_every_n_steps': 50, 'fp16_precision': False, 'init_lr': 0.0005, 'init_base_lr': 0.0001, 'weight_decay': '1e-6', 'gpu': 'cuda:0', 'task_name': 'FreeSolv_2', 'model_type': 'gin', 'model': {'num_layer': 5, 'emb_dim': 300, 'feat_dim': 512, 'drop_ratio': 0.3, 'pool': 'mean', 'output_dim': 1}, 'dataset': {'num_workers': 4, 'valid_size': 0, 'test_size': 0.8330550918196995, 'splitting': 'stratified', 'task': 'classification', 'data_path': 'data/freesolv/freesolv.csv', 'regression_bin_classes': 2}}
Running on: cpu
'output_dim'
{'batch_size': 32, 'epochs': 100, 'eval_every_n_epochs': 1, 'fine_tune_from': 'pretrained_gin', 'log_every_n_steps': 50, 'fp16_precision': False, 'init_lr': 0.0005, 'init_base_lr': 0.0001, 'weight_decay': '1e-6', 'gpu': 'cuda:0', 'task_name': 'FreeSolv_2', 'model_type': 'gin', 'model': {'num_layer': 5, 'emb_dim': 300, 'feat_dim': 512, 'drop_ratio': 0.3, 'pool': 'mean', 'output_dim': 1}, 'dataset': {'num_workers': 4, 'valid_size': 0, 'test_size': 0.666110183639399, 'splitting': 'stratified', 'task': 'classification', 'data_path': 'data/freesolv/freesolv.csv', 'regression_bin_classes': 2}}
Running on: cpu
'output_dim'
{'batch_size': 32, 'epochs': 100, 'eval_every_n_epochs': 1, 'fine_tune_from': 'pretrained_gin', 'log_every_n_steps': 50, 'fp16_precision': False, 'init_lr': 0.0005, 'init_base_lr': 0.0001, 'weight_decay': '1e-6', 'gpu': 'cuda:0', 'task_name': 'FreeSolv_2', 'model_type': 'gin', 'model': {'num_layer': 5, 'emb_dim': 300, 'feat_dim': 512, 'drop_ratio': 0.3, 'pool': 'mean', 'output_dim': 1}, 'dataset': {'num_workers': 4, 'valid_size': 0, 'test_size': 0.1652754590984975, 'splitting': 'stratified', 'task': 'classification', 'data_path': 'data/freesolv/freesolv.csv', 'regression_bin_classes': 2}}
Running on: cpu
'output_dim'
{'batch_size': 32, 'epochs': 100, 'eval_every_n_epochs': 1, 'fine_tune_from': 'pretrained_gin', 'log_every_n_steps': 50, 'fp16_precision': False, 'init_lr': 0.0005, 'init_base_lr': 0.0001, 'weight_decay': '1e-6', 'gpu': 'cuda:0', 'task_name': 'Lipo_2', 'model_type': 'gin', 'model': {'num_layer': 5, 'emb_dim': 300, 'feat_dim': 512, 'drop_ratio': 0.3, 'pool': 'mean', 'output_dim': 1}, 'dataset': {'num_workers': 4, 'valid_size': 0, 'test_size': 0.9947340705634544, 'splitting': 'stratified', 'task': 'classification', 'data_path': 'data/lipophilicity/Lipophilicity.csv', 'regression_bin_classes': 5}}
Running on: cpu
'output_dim'
{'batch_size': 32, 'epochs': 100, 'eval_every_n_epochs': 1, 'fine_tune_from': 'pretrained_gin', 'log_every_n_steps': 50, 'fp16_precision': False, 'init_lr': 0.0005, 'init_base_lr': 0.0001, 'weight_decay': '1e-6', 'gpu': 'cuda:0', 'task_name': 'Lipo_2', 'model_type': 'gin', 'model': {'num_layer': 5, 'emb_dim': 300, 'feat_dim': 512, 'drop_ratio': 0.3, 'pool': 'mean', 'output_dim': 1}, 'dataset': {'num_workers': 4, 'valid_size': 0, 'test_size': 0.9736703528172722, 'splitting': 'stratified', 'task': 'classification', 'data_path': 'data/lipophilicity/Lipophilicity.csv', 'regression_bin_classes': 5}}
Running on: cpu
'output_dim'
{'batch_size': 32, 'epochs': 100, 'eval_every_n_epochs': 1, 'fine_tune_from': 'pretrained_gin', 'log_every_n_steps': 50, 'fp16_precision': False, 'init_lr': 0.0005, 'init_base_lr': 0.0001, 'weight_decay': '1e-6', 'gpu': 'cuda:0', 'task_name': 'Lipo_2', 'model_type': 'gin', 'model': {'num_layer': 5, 'emb_dim': 300, 'feat_dim': 512, 'drop_ratio': 0.3, 'pool': 'mean', 'output_dim': 1}, 'dataset': {'num_workers': 4, 'valid_size': 0, 'test_size': 0.9473407056345445, 'splitting': 'stratified', 'task': 'classification', 'data_path': 'data/lipophilicity/Lipophilicity.csv', 'regression_bin_classes': 5}}
Running on: cpu
'output_dim'
{'batch_size': 32, 'epochs': 100, 'eval_every_n_epochs': 1, 'fine_tune_from': 'pretrained_gin', 'log_every_n_steps': 50, 'fp16_precision': False, 'init_lr': 0.0005, 'init_base_lr': 0.0001, 'weight_decay': '1e-6', 'gpu': 'cuda:0', 'task_name': 'Lipo_2', 'model_type': 'gin', 'model': {'num_layer': 5, 'emb_dim': 300, 'feat_dim': 512, 'drop_ratio': 0.3, 'pool': 'mean', 'output_dim': 1}, 'dataset': {'num_workers': 4, 'valid_size': 0, 'test_size': 0.894681411269089, 'splitting': 'stratified', 'task': 'classification', 'data_path': 'data/lipophilicity/Lipophilicity.csv', 'regression_bin_classes': 5}}
Running on: cpu
'output_dim'
{'batch_size': 32, 'epochs': 100, 'eval_every_n_epochs': 1, 'fine_tune_from': 'pretrained_gin', 'log_every_n_steps': 50, 'fp16_precision': False, 'init_lr': 0.0005, 'init_base_lr': 0.0001, 'weight_decay': '1e-6', 'gpu': 'cuda:0', 'task_name': 'Lipo_2', 'model_type': 'gin', 'model': {'num_layer': 5, 'emb_dim': 300, 'feat_dim': 512, 'drop_ratio': 0.3, 'pool': 'mean', 'output_dim': 1}, 'dataset': {'num_workers': 4, 'valid_size': 0, 'test_size': 0.7367035281727224, 'splitting': 'stratified', 'task': 'classification', 'data_path': 'data/lipophilicity/Lipophilicity.csv', 'regression_bin_classes': 5}}
Running on: cpu
'output_dim'
{'batch_size': 32, 'epochs': 100, 'eval_every_n_epochs': 1, 'fine_tune_from': 'pretrained_gin', 'log_every_n_steps': 50, 'fp16_precision': False, 'init_lr': 0.0005, 'init_base_lr': 0.0001, 'weight_decay': '1e-6', 'gpu': 'cuda:0', 'task_name': 'opv_2', 'model_type': 'gin', 'model': {'num_layer': 5, 'emb_dim': 300, 'feat_dim': 512, 'drop_ratio': 0.3, 'pool': 'mean', 'output_dim': 1}, 'dataset': {'num_workers': 4, 'valid_size': 0, 'test_size': 0.9908925318761385, 'splitting': 'stratified', 'task': 'classification', 'data_path': 'data/opv/opv.csv', 'regression_bin_classes': 5}}
Running on: cpu
'output_dim'
{'batch_size': 32, 'epochs': 100, 'eval_every_n_epochs': 1, 'fine_tune_from': 'pretrained_gin', 'log_every_n_steps': 50, 'fp16_precision': False, 'init_lr': 0.0005, 'init_base_lr': 0.0001, 'weight_decay': '1e-6', 'gpu': 'cuda:0', 'task_name': 'opv_2', 'model_type': 'gin', 'model': {'num_layer': 5, 'emb_dim': 300, 'feat_dim': 512, 'drop_ratio': 0.3, 'pool': 'mean', 'output_dim': 1}, 'dataset': {'num_workers': 4, 'valid_size': 0, 'test_size': 0.9544626593806922, 'splitting': 'stratified', 'task': 'classification', 'data_path': 'data/opv/opv.csv', 'regression_bin_classes': 5}}
Running on: cpu
'output_dim'
{'batch_size': 32, 'epochs': 100, 'eval_every_n_epochs': 1, 'fine_tune_from': 'pretrained_gin', 'log_every_n_steps': 50, 'fp16_precision': False, 'init_lr': 0.0005, 'init_base_lr': 0.0001, 'weight_decay': '1e-6', 'gpu': 'cuda:0', 'task_name': 'opv_2', 'model_type': 'gin', 'model': {'num_layer': 5, 'emb_dim': 300, 'feat_dim': 512, 'drop_ratio': 0.3, 'pool': 'mean', 'output_dim': 1}, 'dataset': {'num_workers': 4, 'valid_size': 0, 'test_size': 0.9089253187613844, 'splitting': 'stratified', 'task': 'classification', 'data_path': 'data/opv/opv.csv', 'regression_bin_classes': 5}}
Running on: cpu
'output_dim'
{'batch_size': 32, 'epochs': 100, 'eval_every_n_epochs': 1, 'fine_tune_from': 'pretrained_gin', 'log_every_n_steps': 50, 'fp16_precision': False, 'init_lr': 0.0005, 'init_base_lr': 0.0001, 'weight_decay': '1e-6', 'gpu': 'cuda:0', 'task_name': 'opv_2', 'model_type': 'gin', 'model': {'num_layer': 5, 'emb_dim': 300, 'feat_dim': 512, 'drop_ratio': 0.3, 'pool': 'mean', 'output_dim': 1}, 'dataset': {'num_workers': 4, 'valid_size': 0, 'test_size': 0.8178506375227687, 'splitting': 'stratified', 'task': 'classification', 'data_path': 'data/opv/opv.csv', 'regression_bin_classes': 5}}
Running on: cpu
'output_dim'
{'batch_size': 32, 'epochs': 100, 'eval_every_n_epochs': 1, 'fine_tune_from': 'pretrained_gin', 'log_every_n_steps': 50, 'fp16_precision': False, 'init_lr': 0.0005, 'init_base_lr': 0.0001, 'weight_decay': '1e-6', 'gpu': 'cuda:0', 'task_name': 'opv_2', 'model_type': 'gin', 'model': {'num_layer': 5, 'emb_dim': 300, 'feat_dim': 512, 'drop_ratio': 0.3, 'pool': 'mean', 'output_dim': 1}, 'dataset': {'num_workers': 4, 'valid_size': 0, 'test_size': 0.5446265938069217, 'splitting': 'stratified', 'task': 'classification', 'data_path': 'data/opv/opv.csv', 'regression_bin_classes': 5}}
Running on: cpu
'output_dim'
{'batch_size': 32, 'epochs': 100, 'eval_every_n_epochs': 1, 'fine_tune_from': 'pretrained_gin', 'log_every_n_steps': 50, 'fp16_precision': False, 'init_lr': 0.0005, 'init_base_lr': 0.0001, 'weight_decay': '1e-6', 'gpu': 'cuda:0', 'task_name': 'qmug_2', 'model_type': 'gin', 'model': {'num_layer': 5, 'emb_dim': 300, 'feat_dim': 512, 'drop_ratio': 0.3, 'pool': 'mean', 'output_dim': 1}, 'dataset': {'num_workers': 4, 'valid_size': 0, 'test_size': 0.9999848297979177, 'splitting': 'stratified', 'task': 'classification', 'data_path': 'data/qmug/qmug.csv', 'regression_bin_classes': 5}}
Running on: cpu
'output_dim'
{'batch_size': 32, 'epochs': 100, 'eval_every_n_epochs': 1, 'fine_tune_from': 'pretrained_gin', 'log_every_n_steps': 50, 'fp16_precision': False, 'init_lr': 0.0005, 'init_base_lr': 0.0001, 'weight_decay': '1e-6', 'gpu': 'cuda:0', 'task_name': 'qmug_2', 'model_type': 'gin', 'model': {'num_layer': 5, 'emb_dim': 300, 'feat_dim': 512, 'drop_ratio': 0.3, 'pool': 'mean', 'output_dim': 1}, 'dataset': {'num_workers': 4, 'valid_size': 0, 'test_size': 0.9999241489895887, 'splitting': 'stratified', 'task': 'classification', 'data_path': 'data/qmug/qmug.csv', 'regression_bin_classes': 5}}
Running on: cpu
'output_dim'
{'batch_size': 32, 'epochs': 100, 'eval_every_n_epochs': 1, 'fine_tune_from': 'pretrained_gin', 'log_every_n_steps': 50, 'fp16_precision': False, 'init_lr': 0.0005, 'init_base_lr': 0.0001, 'weight_decay': '1e-6', 'gpu': 'cuda:0', 'task_name': 'qmug_2', 'model_type': 'gin', 'model': {'num_layer': 5, 'emb_dim': 300, 'feat_dim': 512, 'drop_ratio': 0.3, 'pool': 'mean', 'output_dim': 1}, 'dataset': {'num_workers': 4, 'valid_size': 0, 'test_size': 0.9998482979791774, 'splitting': 'stratified', 'task': 'classification', 'data_path': 'data/qmug/qmug.csv', 'regression_bin_classes': 5}}
Running on: cpu
'output_dim'
{'batch_size': 32, 'epochs': 100, 'eval_every_n_epochs': 1, 'fine_tune_from': 'pretrained_gin', 'log_every_n_steps': 50, 'fp16_precision': False, 'init_lr': 0.0005, 'init_base_lr': 0.0001, 'weight_decay': '1e-6', 'gpu': 'cuda:0', 'task_name': 'qmug_2', 'model_type': 'gin', 'model': {'num_layer': 5, 'emb_dim': 300, 'feat_dim': 512, 'drop_ratio': 0.3, 'pool': 'mean', 'output_dim': 1}, 'dataset': {'num_workers': 4, 'valid_size': 0, 'test_size': 0.9996965959583548, 'splitting': 'stratified', 'task': 'classification', 'data_path': 'data/qmug/qmug.csv', 'regression_bin_classes': 5}}
Running on: cpu
'output_dim'
{'batch_size': 32, 'epochs': 100, 'eval_every_n_epochs': 1, 'fine_tune_from': 'pretrained_gin', 'log_every_n_steps': 50, 'fp16_precision': False, 'init_lr': 0.0005, 'init_base_lr': 0.0001, 'weight_decay': '1e-6', 'gpu': 'cuda:0', 'task_name': 'qmug_2', 'model_type': 'gin', 'model': {'num_layer': 5, 'emb_dim': 300, 'feat_dim': 512, 'drop_ratio': 0.3, 'pool': 'mean', 'output_dim': 1}, 'dataset': {'num_workers': 4, 'valid_size': 0, 'test_size': 0.9992414898958869, 'splitting': 'stratified', 'task': 'classification', 'data_path': 'data/qmug/qmug.csv', 'regression_bin_classes': 5}}
Running on: cpu
'output_dim'
{'batch_size': 32, 'epochs': 100, 'eval_every_n_epochs': 1, 'fine_tune_from': 'pretrained_gin', 'log_every_n_steps': 50, 'fp16_precision': False, 'init_lr': 0.0005, 'init_base_lr': 0.0001, 'weight_decay': '1e-6', 'gpu': 'cuda:0', 'task_name': 'qmug_2', 'model_type': 'gin', 'model': {'num_layer': 5, 'emb_dim': 300, 'feat_dim': 512, 'drop_ratio': 0.3, 'pool': 'mean', 'output_dim': 1}, 'dataset': {'num_workers': 4, 'valid_size': 0, 'test_size': 0.9984829797917738, 'splitting': 'stratified', 'task': 'classification', 'data_path': 'data/qmug/qmug.csv', 'regression_bin_classes': 5}}
Running on: cpu
'output_dim'
{'batch_size': 32, 'epochs': 100, 'eval_every_n_epochs': 1, 'fine_tune_from': 'pretrained_gin', 'log_every_n_steps': 50, 'fp16_precision': False, 'init_lr': 0.0005, 'init_base_lr': 0.0001, 'weight_decay': '1e-6', 'gpu': 'cuda:0', 'task_name': 'photoswitch_2', 'model_type': 'gin', 'model': {'num_layer': 5, 'emb_dim': 300, 'feat_dim': 512, 'drop_ratio': 0.3, 'pool': 'mean', 'output_dim': 1}, 'dataset': {'num_workers': 4, 'valid_size': 0, 'test_size': 0.9751861042183623, 'splitting': 'stratified', 'task': 'classification', 'data_path': 'data/photoswitch/photoswitch.csv', 'regression_bin_classes': 5}}
Running on: cpu
'output_dim'
{'batch_size': 32, 'epochs': 100, 'eval_every_n_epochs': 1, 'fine_tune_from': 'pretrained_gin', 'log_every_n_steps': 50, 'fp16_precision': False, 'init_lr': 0.0005, 'init_base_lr': 0.0001, 'weight_decay': '1e-6', 'gpu': 'cuda:0', 'task_name': 'photoswitch_2', 'model_type': 'gin', 'model': {'num_layer': 5, 'emb_dim': 300, 'feat_dim': 512, 'drop_ratio': 0.3, 'pool': 'mean', 'output_dim': 1}, 'dataset': {'num_workers': 4, 'valid_size': 0, 'test_size': 0.9503722084367245, 'splitting': 'stratified', 'task': 'classification', 'data_path': 'data/photoswitch/photoswitch.csv', 'regression_bin_classes': 5}}
Running on: cpu
'output_dim'
{'batch_size': 32, 'epochs': 100, 'eval_every_n_epochs': 1, 'fine_tune_from': 'pretrained_gin', 'log_every_n_steps': 50, 'fp16_precision': False, 'init_lr': 0.0005, 'init_base_lr': 0.0001, 'weight_decay': '1e-6', 'gpu': 'cuda:0', 'task_name': 'photoswitch_2', 'model_type': 'gin', 'model': {'num_layer': 5, 'emb_dim': 300, 'feat_dim': 512, 'drop_ratio': 0.3, 'pool': 'mean', 'output_dim': 1}, 'dataset': {'num_workers': 4, 'valid_size': 0, 'test_size': 0.8759305210918115, 'splitting': 'stratified', 'task': 'classification', 'data_path': 'data/photoswitch/photoswitch.csv', 'regression_bin_classes': 5}}
Running on: cpu
'output_dim'
{'batch_size': 32, 'epochs': 100, 'eval_every_n_epochs': 1, 'fine_tune_from': 'pretrained_gin', 'log_every_n_steps': 50, 'fp16_precision': False, 'init_lr': 0.0005, 'init_base_lr': 0.0001, 'weight_decay': '1e-6', 'gpu': 'cuda:0', 'task_name': 'photoswitch_2', 'model_type': 'gin', 'model': {'num_layer': 5, 'emb_dim': 300, 'feat_dim': 512, 'drop_ratio': 0.3, 'pool': 'mean', 'output_dim': 1}, 'dataset': {'num_workers': 4, 'valid_size': 0, 'test_size': 0.7518610421836228, 'splitting': 'stratified', 'task': 'classification', 'data_path': 'data/photoswitch/photoswitch.csv', 'regression_bin_classes': 5}}
Running on: cpu
'output_dim'
{'batch_size': 32, 'epochs': 100, 'eval_every_n_epochs': 1, 'fine_tune_from': 'pretrained_gin', 'log_every_n_steps': 50, 'fp16_precision': False, 'init_lr': 0.0005, 'init_base_lr': 0.0001, 'weight_decay': '1e-6', 'gpu': 'cuda:0', 'task_name': 'photoswitch_2', 'model_type': 'gin', 'model': {'num_layer': 5, 'emb_dim': 300, 'feat_dim': 512, 'drop_ratio': 0.3, 'pool': 'mean', 'output_dim': 1}, 'dataset': {'num_workers': 4, 'valid_size': 0, 'test_size': 0.5037220843672456, 'splitting': 'stratified', 'task': 'classification', 'data_path': 'data/photoswitch/photoswitch.csv', 'regression_bin_classes': 5}}
Running on: cpu
'output_dim'
{'batch_size': 32, 'epochs': 100, 'eval_every_n_epochs': 1, 'fine_tune_from': 'pretrained_gin', 'log_every_n_steps': 50, 'fp16_precision': False, 'init_lr': 0.0005, 'init_base_lr': 0.0001, 'weight_decay': '1e-6', 'gpu': 'cuda:0', 'task_name': 'FreeSolv_2', 'model_type': 'gin', 'model': {'num_layer': 5, 'emb_dim': 300, 'feat_dim': 512, 'drop_ratio': 0.3, 'pool': 'mean', 'output_dim': 1}, 'dataset': {'num_workers': 4, 'valid_size': 0, 'test_size': 0.9833055091819699, 'splitting': 'stratified', 'task': 'classification', 'data_path': 'data/freesolv/freesolv.csv', 'regression_bin_classes': 2}}
Running on: cpu
'output_dim'
{'batch_size': 32, 'epochs': 100, 'eval_every_n_epochs': 1, 'fine_tune_from': 'pretrained_gin', 'log_every_n_steps': 50, 'fp16_precision': False, 'init_lr': 0.0005, 'init_base_lr': 0.0001, 'weight_decay': '1e-6', 'gpu': 'cuda:0', 'task_name': 'FreeSolv_2', 'model_type': 'gin', 'model': {'num_layer': 5, 'emb_dim': 300, 'feat_dim': 512, 'drop_ratio': 0.3, 'pool': 'mean', 'output_dim': 1}, 'dataset': {'num_workers': 4, 'valid_size': 0, 'test_size': 0.9165275459098498, 'splitting': 'stratified', 'task': 'classification', 'data_path': 'data/freesolv/freesolv.csv', 'regression_bin_classes': 2}}
Running on: cpu
'output_dim'
{'batch_size': 32, 'epochs': 100, 'eval_every_n_epochs': 1, 'fine_tune_from': 'pretrained_gin', 'log_every_n_steps': 50, 'fp16_precision': False, 'init_lr': 0.0005, 'init_base_lr': 0.0001, 'weight_decay': '1e-6', 'gpu': 'cuda:0', 'task_name': 'FreeSolv_2', 'model_type': 'gin', 'model': {'num_layer': 5, 'emb_dim': 300, 'feat_dim': 512, 'drop_ratio': 0.3, 'pool': 'mean', 'output_dim': 1}, 'dataset': {'num_workers': 4, 'valid_size': 0, 'test_size': 0.8330550918196995, 'splitting': 'stratified', 'task': 'classification', 'data_path': 'data/freesolv/freesolv.csv', 'regression_bin_classes': 2}}
Running on: cpu
'output_dim'
{'batch_size': 32, 'epochs': 100, 'eval_every_n_epochs': 1, 'fine_tune_from': 'pretrained_gin', 'log_every_n_steps': 50, 'fp16_precision': False, 'init_lr': 0.0005, 'init_base_lr': 0.0001, 'weight_decay': '1e-6', 'gpu': 'cuda:0', 'task_name': 'FreeSolv_2', 'model_type': 'gin', 'model': {'num_layer': 5, 'emb_dim': 300, 'feat_dim': 512, 'drop_ratio': 0.3, 'pool': 'mean', 'output_dim': 1}, 'dataset': {'num_workers': 4, 'valid_size': 0, 'test_size': 0.666110183639399, 'splitting': 'stratified', 'task': 'classification', 'data_path': 'data/freesolv/freesolv.csv', 'regression_bin_classes': 2}}
Running on: cpu
'output_dim'
{'batch_size': 32, 'epochs': 100, 'eval_every_n_epochs': 1, 'fine_tune_from': 'pretrained_gin', 'log_every_n_steps': 50, 'fp16_precision': False, 'init_lr': 0.0005, 'init_base_lr': 0.0001, 'weight_decay': '1e-6', 'gpu': 'cuda:0', 'task_name': 'FreeSolv_2', 'model_type': 'gin', 'model': {'num_layer': 5, 'emb_dim': 300, 'feat_dim': 512, 'drop_ratio': 0.3, 'pool': 'mean', 'output_dim': 1}, 'dataset': {'num_workers': 4, 'valid_size': 0, 'test_size': 0.1652754590984975, 'splitting': 'stratified', 'task': 'classification', 'data_path': 'data/freesolv/freesolv.csv', 'regression_bin_classes': 2}}
Running on: cpu
'output_dim'
{'batch_size': 32, 'epochs': 100, 'eval_every_n_epochs': 1, 'fine_tune_from': 'pretrained_gin', 'log_every_n_steps': 50, 'fp16_precision': False, 'init_lr': 0.0005, 'init_base_lr': 0.0001, 'weight_decay': '1e-6', 'gpu': 'cuda:0', 'task_name': 'Lipo_2', 'model_type': 'gin', 'model': {'num_layer': 5, 'emb_dim': 300, 'feat_dim': 512, 'drop_ratio': 0.3, 'pool': 'mean', 'output_dim': 1}, 'dataset': {'num_workers': 4, 'valid_size': 0, 'test_size': 0.9947340705634544, 'splitting': 'stratified', 'task': 'classification', 'data_path': 'data/lipophilicity/Lipophilicity.csv', 'regression_bin_classes': 5}}
Running on: cpu
'output_dim'
{'batch_size': 32, 'epochs': 100, 'eval_every_n_epochs': 1, 'fine_tune_from': 'pretrained_gin', 'log_every_n_steps': 50, 'fp16_precision': False, 'init_lr': 0.0005, 'init_base_lr': 0.0001, 'weight_decay': '1e-6', 'gpu': 'cuda:0', 'task_name': 'Lipo_2', 'model_type': 'gin', 'model': {'num_layer': 5, 'emb_dim': 300, 'feat_dim': 512, 'drop_ratio': 0.3, 'pool': 'mean', 'output_dim': 1}, 'dataset': {'num_workers': 4, 'valid_size': 0, 'test_size': 0.9736703528172722, 'splitting': 'stratified', 'task': 'classification', 'data_path': 'data/lipophilicity/Lipophilicity.csv', 'regression_bin_classes': 5}}
Running on: cpu
'output_dim'
{'batch_size': 32, 'epochs': 100, 'eval_every_n_epochs': 1, 'fine_tune_from': 'pretrained_gin', 'log_every_n_steps': 50, 'fp16_precision': False, 'init_lr': 0.0005, 'init_base_lr': 0.0001, 'weight_decay': '1e-6', 'gpu': 'cuda:0', 'task_name': 'Lipo_2', 'model_type': 'gin', 'model': {'num_layer': 5, 'emb_dim': 300, 'feat_dim': 512, 'drop_ratio': 0.3, 'pool': 'mean', 'output_dim': 1}, 'dataset': {'num_workers': 4, 'valid_size': 0, 'test_size': 0.9473407056345445, 'splitting': 'stratified', 'task': 'classification', 'data_path': 'data/lipophilicity/Lipophilicity.csv', 'regression_bin_classes': 5}}
Running on: cpu
'output_dim'
{'batch_size': 32, 'epochs': 100, 'eval_every_n_epochs': 1, 'fine_tune_from': 'pretrained_gin', 'log_every_n_steps': 50, 'fp16_precision': False, 'init_lr': 0.0005, 'init_base_lr': 0.0001, 'weight_decay': '1e-6', 'gpu': 'cuda:0', 'task_name': 'Lipo_2', 'model_type': 'gin', 'model': {'num_layer': 5, 'emb_dim': 300, 'feat_dim': 512, 'drop_ratio': 0.3, 'pool': 'mean', 'output_dim': 1}, 'dataset': {'num_workers': 4, 'valid_size': 0, 'test_size': 0.894681411269089, 'splitting': 'stratified', 'task': 'classification', 'data_path': 'data/lipophilicity/Lipophilicity.csv', 'regression_bin_classes': 5}}
Running on: cpu
'output_dim'
{'batch_size': 32, 'epochs': 100, 'eval_every_n_epochs': 1, 'fine_tune_from': 'pretrained_gin', 'log_every_n_steps': 50, 'fp16_precision': False, 'init_lr': 0.0005, 'init_base_lr': 0.0001, 'weight_decay': '1e-6', 'gpu': 'cuda:0', 'task_name': 'Lipo_2', 'model_type': 'gin', 'model': {'num_layer': 5, 'emb_dim': 300, 'feat_dim': 512, 'drop_ratio': 0.3, 'pool': 'mean', 'output_dim': 1}, 'dataset': {'num_workers': 4, 'valid_size': 0, 'test_size': 0.7367035281727224, 'splitting': 'stratified', 'task': 'classification', 'data_path': 'data/lipophilicity/Lipophilicity.csv', 'regression_bin_classes': 5}}
Running on: cpu
'output_dim'
{'batch_size': 32, 'epochs': 100, 'eval_every_n_epochs': 1, 'fine_tune_from': 'pretrained_gin', 'log_every_n_steps': 50, 'fp16_precision': False, 'init_lr': 0.0005, 'init_base_lr': 0.0001, 'weight_decay': '1e-6', 'gpu': 'cuda:0', 'task_name': 'opv_2', 'model_type': 'gin', 'model': {'num_layer': 5, 'emb_dim': 300, 'feat_dim': 512, 'drop_ratio': 0.3, 'pool': 'mean', 'output_dim': 1}, 'dataset': {'num_workers': 4, 'valid_size': 0, 'test_size': 0.9908925318761385, 'splitting': 'stratified', 'task': 'classification', 'data_path': 'data/opv/opv.csv', 'regression_bin_classes': 5}}
Running on: cpu
'output_dim'
{'batch_size': 32, 'epochs': 100, 'eval_every_n_epochs': 1, 'fine_tune_from': 'pretrained_gin', 'log_every_n_steps': 50, 'fp16_precision': False, 'init_lr': 0.0005, 'init_base_lr': 0.0001, 'weight_decay': '1e-6', 'gpu': 'cuda:0', 'task_name': 'opv_2', 'model_type': 'gin', 'model': {'num_layer': 5, 'emb_dim': 300, 'feat_dim': 512, 'drop_ratio': 0.3, 'pool': 'mean', 'output_dim': 1}, 'dataset': {'num_workers': 4, 'valid_size': 0, 'test_size': 0.9544626593806922, 'splitting': 'stratified', 'task': 'classification', 'data_path': 'data/opv/opv.csv', 'regression_bin_classes': 5}}
Running on: cpu
'output_dim'
{'batch_size': 32, 'epochs': 100, 'eval_every_n_epochs': 1, 'fine_tune_from': 'pretrained_gin', 'log_every_n_steps': 50, 'fp16_precision': False, 'init_lr': 0.0005, 'init_base_lr': 0.0001, 'weight_decay': '1e-6', 'gpu': 'cuda:0', 'task_name': 'opv_2', 'model_type': 'gin', 'model': {'num_layer': 5, 'emb_dim': 300, 'feat_dim': 512, 'drop_ratio': 0.3, 'pool': 'mean', 'output_dim': 1}, 'dataset': {'num_workers': 4, 'valid_size': 0, 'test_size': 0.9089253187613844, 'splitting': 'stratified', 'task': 'classification', 'data_path': 'data/opv/opv.csv', 'regression_bin_classes': 5}}
Running on: cpu
'output_dim'
{'batch_size': 32, 'epochs': 100, 'eval_every_n_epochs': 1, 'fine_tune_from': 'pretrained_gin', 'log_every_n_steps': 50, 'fp16_precision': False, 'init_lr': 0.0005, 'init_base_lr': 0.0001, 'weight_decay': '1e-6', 'gpu': 'cuda:0', 'task_name': 'opv_2', 'model_type': 'gin', 'model': {'num_layer': 5, 'emb_dim': 300, 'feat_dim': 512, 'drop_ratio': 0.3, 'pool': 'mean', 'output_dim': 1}, 'dataset': {'num_workers': 4, 'valid_size': 0, 'test_size': 0.8178506375227687, 'splitting': 'stratified', 'task': 'classification', 'data_path': 'data/opv/opv.csv', 'regression_bin_classes': 5}}
Running on: cpu
'output_dim'
{'batch_size': 32, 'epochs': 100, 'eval_every_n_epochs': 1, 'fine_tune_from': 'pretrained_gin', 'log_every_n_steps': 50, 'fp16_precision': False, 'init_lr': 0.0005, 'init_base_lr': 0.0001, 'weight_decay': '1e-6', 'gpu': 'cuda:0', 'task_name': 'opv_2', 'model_type': 'gin', 'model': {'num_layer': 5, 'emb_dim': 300, 'feat_dim': 512, 'drop_ratio': 0.3, 'pool': 'mean', 'output_dim': 1}, 'dataset': {'num_workers': 4, 'valid_size': 0, 'test_size': 0.5446265938069217, 'splitting': 'stratified', 'task': 'classification', 'data_path': 'data/opv/opv.csv', 'regression_bin_classes': 5}}
Running on: cpu
'output_dim'
{'batch_size': 32, 'epochs': 100, 'eval_every_n_epochs': 1, 'fine_tune_from': 'pretrained_gin', 'log_every_n_steps': 50, 'fp16_precision': False, 'init_lr': 0.0005, 'init_base_lr': 0.0001, 'weight_decay': '1e-6', 'gpu': 'cuda:0', 'task_name': 'qmug_2', 'model_type': 'gin', 'model': {'num_layer': 5, 'emb_dim': 300, 'feat_dim': 512, 'drop_ratio': 0.3, 'pool': 'mean', 'output_dim': 1}, 'dataset': {'num_workers': 4, 'valid_size': 0, 'test_size': 0.9999848297979177, 'splitting': 'stratified', 'task': 'classification', 'data_path': 'data/qmug/qmug.csv', 'regression_bin_classes': 5}}